Jun 13, 2017 5:03:57 AM hudson.model.AsyncPeriodicWork$1 run
INFO: Started Fingerprint cleanup
Jun 13, 2017 5:03:57 AM hudson.model.FingerprintCleanupThread execute
INFO: Cleaned up 0 records
Jun 13, 2017 5:03:57 AM hudson.model.AsyncPeriodicWork$1 run
INFO: Finished Fingerprint cleanup. 1 ms
Jun 13, 2017 8:33:30 AM hudson.model.AsyncPeriodicWork$1 run
INFO: Started Workspace clean-up
Jun 13, 2017 8:33:30 AM hudson.model.AsyncPeriodicWork$1 run
INFO: Finished Workspace clean-up. 1 ms
Jun 13, 2017 9:11:20 AM hudson.model.AsyncPeriodicWork$1 run
INFO: Started Out of order build detection
Jun 13, 2017 9:16:45 AM jenkins.diagnostics.ooom.Problem$Inspector scan
WARNING: Failed to inspect /home/rrd_boy/.jenkins/jobs/BesTest/builds/1: /home/rrd_boy/.jenkins/jobs/BesTest/builds/1/build.xml doesn't exist
Jun 13, 2017 9:16:58 AM jenkins.diagnostics.ooom.Problem$Inspector scan
WARNING: Failed to inspect /home/rrd_boy/.jenkins/jobs/BesTest/builds/2017-01-15_16-09-33: /home/rrd_boy/.jenkins/jobs/BesTest/builds/2017-01-15_16-09-33/build.xml doesn't exist
Jun 13, 2017 9:18:00 AM hudson.model.AsyncPeriodicWork$1 run
INFO: Finished Out of order build detection. 399734 ms
Jun 13, 2017 5:02:04 PM org.apache.catalina.core.AprLifecycleListener init
INFO: The APR based Apache Tomcat Native library which allows optimal performance in production environments was not found on the java.library.path: /usr/java/packages/lib/amd64:/usr/lib64:/lib64:/lib:/usr/lib
Jun 13, 2017 5:02:05 PM org.apache.tomcat.util.digester.SetPropertiesRule begin
WARNING: [SetPropertiesRule]{Server/Service/Engine/Host} Setting property 'reloadable' to 'false' did not find a matching property.
Jun 13, 2017 5:02:05 PM org.apache.coyote.AbstractProtocol init
INFO: Initializing ProtocolHandler ["http-bio-8080"]
Jun 13, 2017 5:02:05 PM org.apache.coyote.AbstractProtocol init
INFO: Initializing ProtocolHandler ["ajp-bio-8010"]
Jun 13, 2017 5:02:05 PM org.apache.catalina.startup.Catalina load
INFO: Initialization processed in 891 ms
Jun 13, 2017 5:02:05 PM org.apache.catalina.core.StandardService startInternal
INFO: Starting service Catalina
Jun 13, 2017 5:02:05 PM org.apache.catalina.core.StandardEngine startInternal
INFO: Starting Servlet Engine: Apache Tomcat/7.0.54
Jun 13, 2017 5:02:05 PM org.apache.catalina.startup.HostConfig deployWAR
INFO: Deploying web application archive /usr/local/tomcat_dang/webapps/jenkins.war
Jun 13, 2017 5:02:11 PM jenkins.InitReactorRunner$1 onAttained
INFO: Started initialization
Jun 13, 2017 5:02:11 PM jenkins.InitReactorRunner$1 onAttained
INFO: Listed all plugins
Jun 13, 2017 5:02:11 PM jenkins.InitReactorRunner$1 onAttained
INFO: Prepared all plugins
Jun 13, 2017 5:02:12 PM jenkins.InitReactorRunner$1 onAttained
INFO: Started all plugins
Jun 13, 2017 5:02:12 PM jenkins.InitReactorRunner$1 onAttained
INFO: Augmented all extensions
Jun 13, 2017 5:02:16 PM jenkins.InitReactorRunner$1 onAttained
INFO: Loaded all jobs
Jun 13, 2017 5:02:52 PM org.apache.catalina.util.SessionIdGenerator createSecureRandom
INFO: Creation of SecureRandom instance for session ID generation using [SHA1PRNG] took [40,917] milliseconds.
Jun 13, 2017 5:02:52 PM org.apache.catalina.startup.HostConfig deployWAR
INFO: Deployment of web application archive /usr/local/tomcat_dang/webapps/jenkins.war has finished in 47,024 ms
Jun 13, 2017 5:02:52 PM org.apache.catalina.startup.HostConfig deployWAR
INFO: Deploying web application archive /usr/local/tomcat_dang/webapps/test1.war
Jun 13, 2017 5:02:52 PM org.apache.catalina.startup.HostConfig deployWAR
INFO: Deployment of web application archive /usr/local/tomcat_dang/webapps/test1.war has finished in 75 ms
Jun 13, 2017 5:02:52 PM org.apache.catalina.startup.HostConfig deployDirectory
INFO: Deploying web application directory /usr/local/tomcat_dang/webapps/examples
Jun 13, 2017 5:02:52 PM org.apache.catalina.startup.HostConfig deployDirectory
INFO: Deployment of web application directory /usr/local/tomcat_dang/webapps/examples has finished in 355 ms
Jun 13, 2017 5:02:52 PM org.apache.catalina.startup.HostConfig deployDirectory
INFO: Deploying web application directory /usr/local/tomcat_dang/webapps/dangdang
Jun 13, 2017 5:02:52 PM org.apache.catalina.loader.WebappClassLoader validateJarFile
INFO: validateJarFile(/usr/local/tomcat_dang/webapps/dangdang/WEB-INF/lib/servlet-api-2.5.jar) - jar not loaded. See Servlet Spec 3.0, section 10.7.2. Offending class: javax/servlet/Servlet.class
Jun 13, 2017 5:02:53 PM com.opensymphony.xwork2.util.logging.jdk.JdkLogger info
INFO: Parsing configuration file [struts-default.xml]
Jun 13, 2017 5:02:53 PM com.opensymphony.xwork2.util.logging.jdk.JdkLogger info
INFO: Parsing configuration file [struts-plugin.xml]
Jun 13, 2017 5:02:53 PM com.opensymphony.xwork2.util.logging.jdk.JdkLogger info
INFO: Parsing configuration file [struts.xml]
Jun 13, 2017 5:02:53 PM org.apache.catalina.startup.HostConfig deployDirectory
INFO: Deployment of web application directory /usr/local/tomcat_dang/webapps/dangdang has finished in 839 ms
Jun 13, 2017 5:02:53 PM org.apache.catalina.startup.HostConfig deployDirectory
INFO: Deploying web application directory /usr/local/tomcat_dang/webapps/javashop
Jun 13, 2017 5:02:55 PM org.apache.catalina.startup.TaglibUriRule body
INFO: TLD skipped. URI: http://java.sun.com/jsp/jstl/core is already defined
Jun 13, 2017 5:02:57 PM org.apache.catalina.startup.HostConfig deployDirectory
INFO: Deployment of web application directory /usr/local/tomcat_dang/webapps/javashop has finished in 4,345 ms
Jun 13, 2017 5:02:57 PM org.apache.catalina.startup.HostConfig deployDirectory
INFO: Deploying web application directory /usr/local/tomcat_dang/webapps/ROOT
Jun 13, 2017 5:02:57 PM org.apache.catalina.startup.HostConfig deployDirectory
INFO: Deployment of web application directory /usr/local/tomcat_dang/webapps/ROOT has finished in 27 ms
Jun 13, 2017 5:02:57 PM org.apache.catalina.startup.HostConfig deployDirectory
INFO: Deploying web application directory /usr/local/tomcat_dang/webapps/docs
Jun 13, 2017 5:02:58 PM org.apache.catalina.startup.HostConfig deployDirectory
INFO: Deployment of web application directory /usr/local/tomcat_dang/webapps/docs has finished in 22 ms
Jun 13, 2017 5:02:58 PM org.apache.catalina.startup.HostConfig deployDirectory
INFO: Deploying web application directory /usr/local/tomcat_dang/webapps/manager
Jun 13, 2017 5:02:58 PM org.apache.catalina.startup.HostConfig deployDirectory
INFO: Deployment of web application directory /usr/local/tomcat_dang/webapps/manager has finished in 31 ms
Jun 13, 2017 5:02:58 PM org.apache.catalina.startup.HostConfig deployDirectory
INFO: Deploying web application directory /usr/local/tomcat_dang/webapps/host-manager
Jun 13, 2017 5:02:58 PM org.apache.catalina.startup.HostConfig deployDirectory
INFO: Deployment of web application directory /usr/local/tomcat_dang/webapps/host-manager has finished in 28 ms
Jun 13, 2017 5:02:58 PM org.apache.coyote.AbstractProtocol start
INFO: Starting ProtocolHandler ["http-bio-8080"]
Jun 13, 2017 5:02:58 PM org.apache.coyote.AbstractProtocol start
INFO: Starting ProtocolHandler ["ajp-bio-8010"]
Jun 13, 2017 5:02:58 PM org.apache.catalina.startup.Catalina start
INFO: Server startup in 52844 ms
Jun 13, 2017 5:03:27 PM org.jenkinsci.main.modules.sshd.SSHD start
INFO: Started SSHD at port 24309
Jun 13, 2017 5:03:27 PM jenkins.InitReactorRunner$1 onAttained
INFO: Completed initialization
Jun 13, 2017 5:03:27 PM hudson.TcpSlaveAgentListener <init>
INFO: JNLP slave agent listener started on TCP port 15147
Jun 13, 2017 5:03:28 PM hudson.WebAppMain$3 run
INFO: Jenkins is fully up and running
Jun 13, 2017 5:04:40 PM org.apache.catalina.core.AprLifecycleListener init
INFO: The APR based Apache Tomcat Native library which allows optimal performance in production environments was not found on the java.library.path: /usr/java/packages/lib/amd64:/usr/lib64:/lib64:/lib:/usr/lib
Jun 13, 2017 5:04:40 PM org.apache.tomcat.util.digester.SetPropertiesRule begin
WARNING: [SetPropertiesRule]{Server/Service/Engine/Host} Setting property 'reloadable' to 'false' did not find a matching property.
Jun 13, 2017 5:04:40 PM org.apache.coyote.AbstractProtocol init
INFO: Initializing ProtocolHandler ["http-bio-8080"]
Jun 13, 2017 5:04:40 PM org.apache.coyote.AbstractProtocol init
INFO: Initializing ProtocolHandler ["ajp-bio-8010"]
Jun 13, 2017 5:04:40 PM org.apache.catalina.startup.Catalina load
INFO: Initialization processed in 762 ms
Jun 13, 2017 5:04:40 PM org.apache.catalina.core.StandardService startInternal
INFO: Starting service Catalina
Jun 13, 2017 5:04:40 PM org.apache.catalina.core.StandardEngine startInternal
INFO: Starting Servlet Engine: Apache Tomcat/7.0.54
Jun 13, 2017 5:04:40 PM org.apache.catalina.startup.HostConfig deployWAR
INFO: Deploying web application archive /usr/local/tomcat_dang/webapps/jenkins.war
Jun 13, 2017 5:04:47 PM jenkins.InitReactorRunner$1 onAttained
INFO: Started initialization
Jun 13, 2017 5:04:47 PM jenkins.InitReactorRunner$1 onAttained
INFO: Listed all plugins
Jun 13, 2017 5:04:47 PM jenkins.InitReactorRunner$1 onAttained
INFO: Prepared all plugins
Jun 13, 2017 5:04:47 PM jenkins.InitReactorRunner$1 onAttained
INFO: Started all plugins
Jun 13, 2017 5:04:47 PM jenkins.InitReactorRunner$1 onAttained
INFO: Augmented all extensions
Jun 13, 2017 5:04:50 PM jenkins.InitReactorRunner$1 onAttained
INFO: Loaded all jobs
Jun 13, 2017 5:05:06 PM org.apache.catalina.util.SessionIdGenerator createSecureRandom
INFO: Creation of SecureRandom instance for session ID generation using [SHA1PRNG] took [20,068] milliseconds.
Jun 13, 2017 5:05:06 PM org.apache.catalina.startup.HostConfig deployWAR
INFO: Deployment of web application archive /usr/local/tomcat_dang/webapps/jenkins.war has finished in 26,142 ms
Jun 13, 2017 5:05:06 PM org.apache.catalina.startup.HostConfig deployWAR
INFO: Deploying web application archive /usr/local/tomcat_dang/webapps/test1.war
Jun 13, 2017 5:05:06 PM org.apache.catalina.startup.HostConfig deployWAR
INFO: Deployment of web application archive /usr/local/tomcat_dang/webapps/test1.war has finished in 74 ms
Jun 13, 2017 5:05:06 PM org.apache.catalina.startup.HostConfig deployDirectory
INFO: Deploying web application directory /usr/local/tomcat_dang/webapps/examples
Jun 13, 2017 5:05:07 PM org.apache.catalina.startup.HostConfig deployDirectory
INFO: Deployment of web application directory /usr/local/tomcat_dang/webapps/examples has finished in 265 ms
Jun 13, 2017 5:05:07 PM org.apache.catalina.startup.HostConfig deployDirectory
INFO: Deploying web application directory /usr/local/tomcat_dang/webapps/dangdang
Jun 13, 2017 5:05:07 PM org.apache.catalina.loader.WebappClassLoader validateJarFile
INFO: validateJarFile(/usr/local/tomcat_dang/webapps/dangdang/WEB-INF/lib/servlet-api-2.5.jar) - jar not loaded. See Servlet Spec 3.0, section 10.7.2. Offending class: javax/servlet/Servlet.class
Jun 13, 2017 5:05:07 PM com.opensymphony.xwork2.util.logging.jdk.JdkLogger info
INFO: Parsing configuration file [struts-default.xml]
Jun 13, 2017 5:05:07 PM com.opensymphony.xwork2.util.logging.jdk.JdkLogger info
INFO: Parsing configuration file [struts-plugin.xml]
Jun 13, 2017 5:05:07 PM com.opensymphony.xwork2.util.logging.jdk.JdkLogger info
INFO: Parsing configuration file [struts.xml]
Jun 13, 2017 5:05:07 PM org.apache.catalina.startup.HostConfig deployDirectory
INFO: Deployment of web application directory /usr/local/tomcat_dang/webapps/dangdang has finished in 686 ms
Jun 13, 2017 5:05:07 PM org.apache.catalina.startup.HostConfig deployDirectory
INFO: Deploying web application directory /usr/local/tomcat_dang/webapps/javashop
Jun 13, 2017 5:05:09 PM org.apache.catalina.startup.TaglibUriRule body
INFO: TLD skipped. URI: http://java.sun.com/jsp/jstl/core is already defined
Jun 13, 2017 5:05:13 PM org.apache.catalina.startup.HostConfig deployDirectory
INFO: Deployment of web application directory /usr/local/tomcat_dang/webapps/javashop has finished in 6,132 ms
Jun 13, 2017 5:05:13 PM org.apache.catalina.startup.HostConfig deployDirectory
INFO: Deploying web application directory /usr/local/tomcat_dang/webapps/ROOT
Jun 13, 2017 5:05:14 PM org.apache.catalina.startup.HostConfig deployDirectory
INFO: Deployment of web application directory /usr/local/tomcat_dang/webapps/ROOT has finished in 30 ms
Jun 13, 2017 5:05:14 PM org.apache.catalina.startup.HostConfig deployDirectory
INFO: Deploying web application directory /usr/local/tomcat_dang/webapps/docs
Jun 13, 2017 5:05:14 PM org.apache.catalina.startup.HostConfig deployDirectory
INFO: Deployment of web application directory /usr/local/tomcat_dang/webapps/docs has finished in 25 ms
Jun 13, 2017 5:05:14 PM org.apache.catalina.startup.HostConfig deployDirectory
INFO: Deploying web application directory /usr/local/tomcat_dang/webapps/manager
Jun 13, 2017 5:05:14 PM org.apache.catalina.startup.HostConfig deployDirectory
INFO: Deployment of web application directory /usr/local/tomcat_dang/webapps/manager has finished in 35 ms
Jun 13, 2017 5:05:14 PM org.apache.catalina.startup.HostConfig deployDirectory
INFO: Deploying web application directory /usr/local/tomcat_dang/webapps/host-manager
Jun 13, 2017 5:05:14 PM org.apache.catalina.startup.HostConfig deployDirectory
INFO: Deployment of web application directory /usr/local/tomcat_dang/webapps/host-manager has finished in 29 ms
Jun 13, 2017 5:05:14 PM org.apache.coyote.AbstractProtocol start
INFO: Starting ProtocolHandler ["http-bio-8080"]
Jun 13, 2017 5:05:14 PM org.apache.coyote.AbstractProtocol start
INFO: Starting ProtocolHandler ["ajp-bio-8010"]
Jun 13, 2017 5:05:14 PM org.apache.catalina.startup.Catalina start
INFO: Server startup in 33507 ms
Jun 13, 2017 5:05:30 PM org.jenkinsci.main.modules.sshd.SSHD start
INFO: Started SSHD at port 23399
Jun 13, 2017 5:05:30 PM jenkins.InitReactorRunner$1 onAttained
INFO: Completed initialization
Jun 13, 2017 5:05:30 PM hudson.TcpSlaveAgentListener <init>
INFO: JNLP slave agent listener started on TCP port 18411
Jun 13, 2017 5:05:30 PM hudson.WebAppMain$3 run
INFO: Jenkins is fully up and running
